[2026-01-17 12:26:17] [WARNING] [django.request] [log:249] Not Found: /
[2026-01-17 12:26:17] [WARNING] [django.server] [log:249] "GET / HTTP/1.1" 404 5489
[2026-01-17 12:27:05] [CRITICAL] [django] [views:139] Eroare critica in produs_detail pentru ID 8: No Produs matches the given query.
[2026-01-17 12:27:06] [WARNING] [django.request] [log:249] Not Found: /produse/8/
[2026-01-17 12:27:06] [WARNING] [django.server] [log:249] "GET /produse/8/ HTTP/1.1" 404 2938
[2026-01-17 12:36:41] [WARNING] [django.request] [log:249] Forbidden: /interzis/
[2026-01-17 12:36:41] [WARNING] [django.server] [log:249] "GET /interzis/ HTTP/1.1" 403 3081
[2026-01-17 12:36:44] [WARNING] [django.request] [log:249] Forbidden: /interzis/
[2026-01-17 12:36:44] [WARNING] [django.server] [log:249] "GET /interzis/ HTTP/1.1" 403 3081
[2026-01-17 12:36:47] [WARNING] [django.request] [log:249] Forbidden: /interzis/
[2026-01-17 12:36:47] [WARNING] [django.server] [log:249] "GET /interzis/ HTTP/1.1" 403 3081
[2026-01-17 12:37:17] [WARNING] [django.request] [log:249] Forbidden: /interzis/
[2026-01-17 12:37:17] [WARNING] [django.server] [log:249] "GET /interzis/ HTTP/1.1" 403 3081
[2026-01-17 12:37:20] [WARNING] [django.request] [log:249] Forbidden: /interzis/
[2026-01-17 12:37:20] [WARNING] [django.server] [log:249] "GET /interzis/ HTTP/1.1" 403 3081
[2026-01-17 12:37:21] [WARNING] [django.request] [log:249] Forbidden: /interzis/
[2026-01-17 12:37:21] [WARNING] [django.server] [log:249] "GET /interzis/ HTTP/1.1" 403 3290
[2026-01-17 12:39:52] [WARNING] [django.request] [log:249] Forbidden: /interzis/
[2026-01-17 12:39:52] [WARNING] [django.server] [log:249] "GET /interzis/ HTTP/1.1" 403 3077
[2026-01-17 12:49:47] [WARNING] [django.request] [log:249] Forbidden: /log/
[2026-01-17 12:49:47] [WARNING] [django.server] [log:249] "GET /log/ HTTP/1.1" 403 3078
[2026-01-17 13:08:59] [WARNING] [django.request] [log:249] Not Found: /
[2026-01-17 13:08:59] [WARNING] [django.server] [log:249] "GET / HTTP/1.1" 404 7047
[2026-01-17 13:13:13] [WARNING] [django.request] [log:249] Not Found: /
[2026-01-17 13:13:13] [WARNING] [django.server] [log:249] "GET / HTTP/1.1" 404 7047
[2026-01-17 13:13:19] [ERROR] [django.request] [log:249] Internal Server Error: /logout/
Traceback (most recent call last):
  File "C:\Users\Mihai Sima\AppData\Local\Packages\PythonSoftwareFoundation.Python.3.12_qbz5n2kfra8p0\LocalCache\local-packages\Python312\site-packages\django\core\handlers\exception.py", line 55, in inner
    response = get_response(request)
               ^^^^^^^^^^^^^^^^^^^^^
  File "C:\Users\Mihai Sima\AppData\Local\Packages\PythonSoftwareFoundation.Python.3.12_qbz5n2kfra8p0\LocalCache\local-packages\Python312\site-packages\django\core\handlers\base.py", line 198, in _get_response
    response = wrapped_callback(request, *callback_args, **callback_kwargs)
               ^^^^^^^^^^^^^^^^^^^^^^^^^^^^^^^^^^^^^^^^^^^^^^^^^^^^^^^^^^^^
  File "C:\Users\Mihai Sima\Desktop\proiect_electronice\proiect_electronice\electronice\views.py", line 513, in logout_view
    return redirect('electronice:index')
           ^^^^^^^^^^^^^^^^^^^^^^^^^^^^^
  File "C:\Users\Mihai Sima\AppData\Local\Packages\PythonSoftwareFoundation.Python.3.12_qbz5n2kfra8p0\LocalCache\local-packages\Python312\site-packages\django\shortcuts.py", line 51, in redirect
    resolve_url(to, *args, **kwargs),
    ^^^^^^^^^^^^^^^^^^^^^^^^^^^^^^^^
  File "C:\Users\Mihai Sima\AppData\Local\Packages\PythonSoftwareFoundation.Python.3.12_qbz5n2kfra8p0\LocalCache\local-packages\Python312\site-packages\django\shortcuts.py", line 184, in resolve_url
    return reverse(to, args=args, kwargs=kwargs)
           ^^^^^^^^^^^^^^^^^^^^^^^^^^^^^^^^^^^^^
  File "C:\Users\Mihai Sima\AppData\Local\Packages\PythonSoftwareFoundation.Python.3.12_qbz5n2kfra8p0\LocalCache\local-packages\Python312\site-packages\django\urls\base.py", line 98, in reverse
    resolved_url = resolver._reverse_with_prefix(view, prefix, *args, **kwargs)
                   ^^^^^^^^^^^^^^^^^^^^^^^^^^^^^^^^^^^^^^^^^^^^^^^^^^^^^^^^^^^^
  File "C:\Users\Mihai Sima\AppData\Local\Packages\PythonSoftwareFoundation.Python.3.12_qbz5n2kfra8p0\LocalCache\local-packages\Python312\site-packages\django\urls\resolvers.py", line 842, in _reverse_with_prefix
    raise NoReverseMatch(msg)
django.urls.exceptions.NoReverseMatch: Reverse for 'index' not found. 'index' is not a valid view function or pattern name.
[2026-01-17 13:13:19] [ERROR] [django.server] [log:249] "GET /logout/ HTTP/1.1" 500 94903
[2026-01-17 13:13:43] [ERROR] [django.request] [log:249] Internal Server Error: /logout/
Traceback (most recent call last):
  File "C:\Users\Mihai Sima\AppData\Local\Packages\PythonSoftwareFoundation.Python.3.12_qbz5n2kfra8p0\LocalCache\local-packages\Python312\site-packages\django\core\handlers\exception.py", line 55, in inner
    response = get_response(request)
               ^^^^^^^^^^^^^^^^^^^^^
  File "C:\Users\Mihai Sima\AppData\Local\Packages\PythonSoftwareFoundation.Python.3.12_qbz5n2kfra8p0\LocalCache\local-packages\Python312\site-packages\django\core\handlers\base.py", line 198, in _get_response
    response = wrapped_callback(request, *callback_args, **callback_kwargs)
               ^^^^^^^^^^^^^^^^^^^^^^^^^^^^^^^^^^^^^^^^^^^^^^^^^^^^^^^^^^^^
  File "C:\Users\Mihai Sima\Desktop\proiect_electronice\proiect_electronice\electronice\views.py", line 513, in logout_view
    return redirect('electronice:index')
           ^^^^^^^^^^^^^^^^^^^^^^^^^^^^^
  File "C:\Users\Mihai Sima\AppData\Local\Packages\PythonSoftwareFoundation.Python.3.12_qbz5n2kfra8p0\LocalCache\local-packages\Python312\site-packages\django\shortcuts.py", line 51, in redirect
    resolve_url(to, *args, **kwargs),
    ^^^^^^^^^^^^^^^^^^^^^^^^^^^^^^^^
  File "C:\Users\Mihai Sima\AppData\Local\Packages\PythonSoftwareFoundation.Python.3.12_qbz5n2kfra8p0\LocalCache\local-packages\Python312\site-packages\django\shortcuts.py", line 184, in resolve_url
    return reverse(to, args=args, kwargs=kwargs)
           ^^^^^^^^^^^^^^^^^^^^^^^^^^^^^^^^^^^^^
  File "C:\Users\Mihai Sima\AppData\Local\Packages\PythonSoftwareFoundation.Python.3.12_qbz5n2kfra8p0\LocalCache\local-packages\Python312\site-packages\django\urls\base.py", line 98, in reverse
    resolved_url = resolver._reverse_with_prefix(view, prefix, *args, **kwargs)
                   ^^^^^^^^^^^^^^^^^^^^^^^^^^^^^^^^^^^^^^^^^^^^^^^^^^^^^^^^^^^^
  File "C:\Users\Mihai Sima\AppData\Local\Packages\PythonSoftwareFoundation.Python.3.12_qbz5n2kfra8p0\LocalCache\local-packages\Python312\site-packages\django\urls\resolvers.py", line 842, in _reverse_with_prefix
    raise NoReverseMatch(msg)
django.urls.exceptions.NoReverseMatch: Reverse for 'index' not found. 'index' is not a valid view function or pattern name.
[2026-01-17 13:13:43] [ERROR] [django.server] [log:249] "GET /logout/ HTTP/1.1" 500 95061
[2026-01-17 13:15:42] [WARNING] [django.request] [log:249] Not Found: /
[2026-01-17 13:15:42] [WARNING] [django.server] [log:249] "GET / HTTP/1.1" 404 7047
[2026-01-17 13:24:38] [ERROR] [django.request] [log:249] Internal Server Error: /oferta/
Traceback (most recent call last):
  File "C:\Users\Mihai Sima\AppData\Local\Packages\PythonSoftwareFoundation.Python.3.12_qbz5n2kfra8p0\LocalCache\local-packages\Python312\site-packages\django\core\handlers\exception.py", line 55, in inner
    response = get_response(request)
               ^^^^^^^^^^^^^^^^^^^^^
  File "C:\Users\Mihai Sima\AppData\Local\Packages\PythonSoftwareFoundation.Python.3.12_qbz5n2kfra8p0\LocalCache\local-packages\Python312\site-packages\django\core\handlers\base.py", line 198, in _get_response
    response = wrapped_callback(request, *callback_args, **callback_kwargs)
               ^^^^^^^^^^^^^^^^^^^^^^^^^^^^^^^^^^^^^^^^^^^^^^^^^^^^^^^^^^^^
  File "C:\Users\Mihai Sima\AppData\Local\Packages\PythonSoftwareFoundation.Python.3.12_qbz5n2kfra8p0\LocalCache\local-packages\Python312\site-packages\django\contrib\auth\decorators.py", line 59, in _view_wrapper
    return view_func(request, *args, **kwargs)
           ^^^^^^^^^^^^^^^^^^^^^^^^^^^^^^^^^^^
  File "C:\Users\Mihai Sima\Desktop\proiect_electronice\proiect_electronice\electronice\views.py", line 545, in pagina_oferta
    return render(request, 'oferte.html', {
           ^^^^^^^^^^^^^^^^^^^^^^^^^^^^^^^^
  File "C:\Users\Mihai Sima\AppData\Local\Packages\PythonSoftwareFoundation.Python.3.12_qbz5n2kfra8p0\LocalCache\local-packages\Python312\site-packages\django\shortcuts.py", line 25, in render
    content = loader.render_to_string(template_name, context, request, using=using)
              ^^^^^^^^^^^^^^^^^^^^^^^^^^^^^^^^^^^^^^^^^^^^^^^^^^^^^^^^^^^^^^^^^^^^^
  File "C:\Users\Mihai Sima\AppData\Local\Packages\PythonSoftwareFoundation.Python.3.12_qbz5n2kfra8p0\LocalCache\local-packages\Python312\site-packages\django\template\loader.py", line 61, in render_to_string
    template = get_template(template_name, using=using)
               ^^^^^^^^^^^^^^^^^^^^^^^^^^^^^^^^^^^^^^^^
  File "C:\Users\Mihai Sima\AppData\Local\Packages\PythonSoftwareFoundation.Python.3.12_qbz5n2kfra8p0\LocalCache\local-packages\Python312\site-packages\django\template\loader.py", line 15, in get_template
    return engine.get_template(template_name)
           ^^^^^^^^^^^^^^^^^^^^^^^^^^^^^^^^^^
  File "C:\Users\Mihai Sima\AppData\Local\Packages\PythonSoftwareFoundation.Python.3.12_qbz5n2kfra8p0\LocalCache\local-packages\Python312\site-packages\django\template\backends\django.py", line 79, in get_template
    return Template(self.engine.get_template(template_name), self)
                    ^^^^^^^^^^^^^^^^^^^^^^^^^^^^^^^^^^^^^^^
  File "C:\Users\Mihai Sima\AppData\Local\Packages\PythonSoftwareFoundation.Python.3.12_qbz5n2kfra8p0\LocalCache\local-packages\Python312\site-packages\django\template\engine.py", line 186, in get_template
    template, origin = self.find_template(template_name)
                       ^^^^^^^^^^^^^^^^^^^^^^^^^^^^^^^^^
  File "C:\Users\Mihai Sima\AppData\Local\Packages\PythonSoftwareFoundation.Python.3.12_qbz5n2kfra8p0\LocalCache\local-packages\Python312\site-packages\django\template\engine.py", line 159, in find_template
    template = loader.get_template(name, skip=skip)
               ^^^^^^^^^^^^^^^^^^^^^^^^^^^^^^^^^^^^
  File "C:\Users\Mihai Sima\AppData\Local\Packages\PythonSoftwareFoundation.Python.3.12_qbz5n2kfra8p0\LocalCache\local-packages\Python312\site-packages\django\template\loaders\cached.py", line 57, in get_template
    template = super().get_template(template_name, skip)
               ^^^^^^^^^^^^^^^^^^^^^^^^^^^^^^^^^^^^^^^^^
  File "C:\Users\Mihai Sima\AppData\Local\Packages\PythonSoftwareFoundation.Python.3.12_qbz5n2kfra8p0\LocalCache\local-packages\Python312\site-packages\django\template\loaders\base.py", line 28, in get_template
    return Template(
           ^^^^^^^^^
  File "C:\Users\Mihai Sima\AppData\Local\Packages\PythonSoftwareFoundation.Python.3.12_qbz5n2kfra8p0\LocalCache\local-packages\Python312\site-packages\django\template\base.py", line 157, in __init__
    self.nodelist = self.compile_nodelist()
                    ^^^^^^^^^^^^^^^^^^^^^^^
  File "C:\Users\Mihai Sima\AppData\Local\Packages\PythonSoftwareFoundation.Python.3.12_qbz5n2kfra8p0\LocalCache\local-packages\Python312\site-packages\django\template\base.py", line 199, in compile_nodelist
    nodelist = parser.parse()
               ^^^^^^^^^^^^^^
  File "C:\Users\Mihai Sima\AppData\Local\Packages\PythonSoftwareFoundation.Python.3.12_qbz5n2kfra8p0\LocalCache\local-packages\Python312\site-packages\django\template\base.py", line 585, in parse
    raise self.error(token, e)
  File "C:\Users\Mihai Sima\AppData\Local\Packages\PythonSoftwareFoundation.Python.3.12_qbz5n2kfra8p0\LocalCache\local-packages\Python312\site-packages\django\template\base.py", line 583, in parse
    compiled_result = compile_func(self, token)
                      ^^^^^^^^^^^^^^^^^^^^^^^^^
  File "C:\Users\Mihai Sima\AppData\Local\Packages\PythonSoftwareFoundation.Python.3.12_qbz5n2kfra8p0\LocalCache\local-packages\Python312\site-packages\django\template\defaulttags.py", line 894, in do_for
    nodelist_loop = parser.parse(
                    ^^^^^^^^^^^^^
  File "C:\Users\Mihai Sima\AppData\Local\Packages\PythonSoftwareFoundation.Python.3.12_qbz5n2kfra8p0\LocalCache\local-packages\Python312\site-packages\django\template\base.py", line 556, in parse
    raise self.error(token, e)
  File "C:\Users\Mihai Sima\AppData\Local\Packages\PythonSoftwareFoundation.Python.3.12_qbz5n2kfra8p0\LocalCache\local-packages\Python312\site-packages\django\template\base.py", line 554, in parse
    filter_expression = self.compile_filter(token.contents)
                        ^^^^^^^^^^^^^^^^^^^^^^^^^^^^^^^^^^^
  File "C:\Users\Mihai Sima\AppData\Local\Packages\PythonSoftwareFoundation.Python.3.12_qbz5n2kfra8p0\LocalCache\local-packages\Python312\site-packages\django\template\base.py", line 676, in compile_filter
    return FilterExpression(token, self)
           ^^^^^^^^^^^^^^^^^^^^^^^^^^^^^
  File "C:\Users\Mihai Sima\AppData\Local\Packages\PythonSoftwareFoundation.Python.3.12_qbz5n2kfra8p0\LocalCache\local-packages\Python312\site-packages\django\template\base.py", line 771, in __init__
    filter_func = parser.find_filter(filter_name)
                  ^^^^^^^^^^^^^^^^^^^^^^^^^^^^^^^
  File "C:\Users\Mihai Sima\AppData\Local\Packages\PythonSoftwareFoundation.Python.3.12_qbz5n2kfra8p0\LocalCache\local-packages\Python312\site-packages\django\template\base.py", line 682, in find_filter
    raise TemplateSyntaxError("Invalid filter: '%s'" % filter_name)
django.template.exceptions.TemplateSyntaxError: Template: C:\Users\Mihai Sima\Desktop\proiect_electronice\proiect_electronice\electronice\templates\oferte.html, Invalid filter: 'mul'
[2026-01-17 13:24:38] [ERROR] [django.server] [log:249] "GET /oferta/ HTTP/1.1" 500 192655
[2026-01-17 13:25:16] [ERROR] [django.request] [log:249] Internal Server Error: /oferta/
Traceback (most recent call last):
  File "C:\Users\Mihai Sima\AppData\Local\Packages\PythonSoftwareFoundation.Python.3.12_qbz5n2kfra8p0\LocalCache\local-packages\Python312\site-packages\django\core\handlers\exception.py", line 55, in inner
    response = get_response(request)
               ^^^^^^^^^^^^^^^^^^^^^
  File "C:\Users\Mihai Sima\AppData\Local\Packages\PythonSoftwareFoundation.Python.3.12_qbz5n2kfra8p0\LocalCache\local-packages\Python312\site-packages\django\core\handlers\base.py", line 198, in _get_response
    response = wrapped_callback(request, *callback_args, **callback_kwargs)
               ^^^^^^^^^^^^^^^^^^^^^^^^^^^^^^^^^^^^^^^^^^^^^^^^^^^^^^^^^^^^
  File "C:\Users\Mihai Sima\AppData\Local\Packages\PythonSoftwareFoundation.Python.3.12_qbz5n2kfra8p0\LocalCache\local-packages\Python312\site-packages\django\contrib\auth\decorators.py", line 59, in _view_wrapper
    return view_func(request, *args, **kwargs)
           ^^^^^^^^^^^^^^^^^^^^^^^^^^^^^^^^^^^
  File "C:\Users\Mihai Sima\Desktop\proiect_electronice\proiect_electronice\electronice\views.py", line 545, in pagina_oferta
    return render(request, 'oferte.html', {
           ^^^^^^^^^^^^^^^^^^^^^^^^^^^^^^^^
  File "C:\Users\Mihai Sima\AppData\Local\Packages\PythonSoftwareFoundation.Python.3.12_qbz5n2kfra8p0\LocalCache\local-packages\Python312\site-packages\django\shortcuts.py", line 25, in render
    content = loader.render_to_string(template_name, context, request, using=using)
              ^^^^^^^^^^^^^^^^^^^^^^^^^^^^^^^^^^^^^^^^^^^^^^^^^^^^^^^^^^^^^^^^^^^^^
  File "C:\Users\Mihai Sima\AppData\Local\Packages\PythonSoftwareFoundation.Python.3.12_qbz5n2kfra8p0\LocalCache\local-packages\Python312\site-packages\django\template\loader.py", line 61, in render_to_string
    template = get_template(template_name, using=using)
               ^^^^^^^^^^^^^^^^^^^^^^^^^^^^^^^^^^^^^^^^
  File "C:\Users\Mihai Sima\AppData\Local\Packages\PythonSoftwareFoundation.Python.3.12_qbz5n2kfra8p0\LocalCache\local-packages\Python312\site-packages\django\template\loader.py", line 15, in get_template
    return engine.get_template(template_name)
           ^^^^^^^^^^^^^^^^^^^^^^^^^^^^^^^^^^
  File "C:\Users\Mihai Sima\AppData\Local\Packages\PythonSoftwareFoundation.Python.3.12_qbz5n2kfra8p0\LocalCache\local-packages\Python312\site-packages\django\template\backends\django.py", line 79, in get_template
    return Template(self.engine.get_template(template_name), self)
                    ^^^^^^^^^^^^^^^^^^^^^^^^^^^^^^^^^^^^^^^
  File "C:\Users\Mihai Sima\AppData\Local\Packages\PythonSoftwareFoundation.Python.3.12_qbz5n2kfra8p0\LocalCache\local-packages\Python312\site-packages\django\template\engine.py", line 186, in get_template
    template, origin = self.find_template(template_name)
                       ^^^^^^^^^^^^^^^^^^^^^^^^^^^^^^^^^
  File "C:\Users\Mihai Sima\AppData\Local\Packages\PythonSoftwareFoundation.Python.3.12_qbz5n2kfra8p0\LocalCache\local-packages\Python312\site-packages\django\template\engine.py", line 159, in find_template
    template = loader.get_template(name, skip=skip)
               ^^^^^^^^^^^^^^^^^^^^^^^^^^^^^^^^^^^^
  File "C:\Users\Mihai Sima\AppData\Local\Packages\PythonSoftwareFoundation.Python.3.12_qbz5n2kfra8p0\LocalCache\local-packages\Python312\site-packages\django\template\loaders\cached.py", line 57, in get_template
    template = super().get_template(template_name, skip)
               ^^^^^^^^^^^^^^^^^^^^^^^^^^^^^^^^^^^^^^^^^
  File "C:\Users\Mihai Sima\AppData\Local\Packages\PythonSoftwareFoundation.Python.3.12_qbz5n2kfra8p0\LocalCache\local-packages\Python312\site-packages\django\template\loaders\base.py", line 28, in get_template
    return Template(
           ^^^^^^^^^
  File "C:\Users\Mihai Sima\AppData\Local\Packages\PythonSoftwareFoundation.Python.3.12_qbz5n2kfra8p0\LocalCache\local-packages\Python312\site-packages\django\template\base.py", line 157, in __init__
    self.nodelist = self.compile_nodelist()
                    ^^^^^^^^^^^^^^^^^^^^^^^
  File "C:\Users\Mihai Sima\AppData\Local\Packages\PythonSoftwareFoundation.Python.3.12_qbz5n2kfra8p0\LocalCache\local-packages\Python312\site-packages\django\template\base.py", line 199, in compile_nodelist
    nodelist = parser.parse()
               ^^^^^^^^^^^^^^
  File "C:\Users\Mihai Sima\AppData\Local\Packages\PythonSoftwareFoundation.Python.3.12_qbz5n2kfra8p0\LocalCache\local-packages\Python312\site-packages\django\template\base.py", line 585, in parse
    raise self.error(token, e)
  File "C:\Users\Mihai Sima\AppData\Local\Packages\PythonSoftwareFoundation.Python.3.12_qbz5n2kfra8p0\LocalCache\local-packages\Python312\site-packages\django\template\base.py", line 583, in parse
    compiled_result = compile_func(self, token)
                      ^^^^^^^^^^^^^^^^^^^^^^^^^
  File "C:\Users\Mihai Sima\AppData\Local\Packages\PythonSoftwareFoundation.Python.3.12_qbz5n2kfra8p0\LocalCache\local-packages\Python312\site-packages\django\template\defaulttags.py", line 894, in do_for
    nodelist_loop = parser.parse(
                    ^^^^^^^^^^^^^
  File "C:\Users\Mihai Sima\AppData\Local\Packages\PythonSoftwareFoundation.Python.3.12_qbz5n2kfra8p0\LocalCache\local-packages\Python312\site-packages\django\template\base.py", line 556, in parse
    raise self.error(token, e)
  File "C:\Users\Mihai Sima\AppData\Local\Packages\PythonSoftwareFoundation.Python.3.12_qbz5n2kfra8p0\LocalCache\local-packages\Python312\site-packages\django\template\base.py", line 554, in parse
    filter_expression = self.compile_filter(token.contents)
                        ^^^^^^^^^^^^^^^^^^^^^^^^^^^^^^^^^^^
  File "C:\Users\Mihai Sima\AppData\Local\Packages\PythonSoftwareFoundation.Python.3.12_qbz5n2kfra8p0\LocalCache\local-packages\Python312\site-packages\django\template\base.py", line 676, in compile_filter
    return FilterExpression(token, self)
           ^^^^^^^^^^^^^^^^^^^^^^^^^^^^^
  File "C:\Users\Mihai Sima\AppData\Local\Packages\PythonSoftwareFoundation.Python.3.12_qbz5n2kfra8p0\LocalCache\local-packages\Python312\site-packages\django\template\base.py", line 748, in __init__
    raise TemplateSyntaxError(
django.template.exceptions.TemplateSyntaxError: Template: C:\Users\Mihai Sima\Desktop\proiect_electronice\proiect_electronice\electronice\templates\oferte.html, Could not parse some characters: produs.pret| * 0.5||floatformat:2
[2026-01-17 13:25:16] [ERROR] [django.server] [log:249] "GET /oferta/ HTTP/1.1" 500 187005
[2026-01-17 13:31:50] [ERROR] [django.request] [log:249] Internal Server Error: /oferta/
Traceback (most recent call last):
  File "C:\Users\Mihai Sima\AppData\Local\Packages\PythonSoftwareFoundation.Python.3.12_qbz5n2kfra8p0\LocalCache\local-packages\Python312\site-packages\django\core\handlers\exception.py", line 55, in inner
    response = get_response(request)
               ^^^^^^^^^^^^^^^^^^^^^
  File "C:\Users\Mihai Sima\AppData\Local\Packages\PythonSoftwareFoundation.Python.3.12_qbz5n2kfra8p0\LocalCache\local-packages\Python312\site-packages\django\core\handlers\base.py", line 198, in _get_response
    response = wrapped_callback(request, *callback_args, **callback_kwargs)
               ^^^^^^^^^^^^^^^^^^^^^^^^^^^^^^^^^^^^^^^^^^^^^^^^^^^^^^^^^^^^
  File "C:\Users\Mihai Sima\AppData\Local\Packages\PythonSoftwareFoundation.Python.3.12_qbz5n2kfra8p0\LocalCache\local-packages\Python312\site-packages\django\contrib\auth\decorators.py", line 59, in _view_wrapper
    return view_func(request, *args, **kwargs)
           ^^^^^^^^^^^^^^^^^^^^^^^^^^^^^^^^^^^
  File "C:\Users\Mihai Sima\Desktop\proiect_electronice\proiect_electronice\electronice\views.py", line 544, in pagina_oferta
    produse_si_preturi = [(produs, round(produs.pret * 0.5, 2)) for produs in produse_oferta]
                                         ~~~~~~~~~~~~^~~~~
TypeError: unsupported operand type(s) for *: 'decimal.Decimal' and 'float'
[2026-01-17 13:31:50] [ERROR] [django.server] [log:249] "GET /oferta/ HTTP/1.1" 500 79249
[2026-01-17 13:47:57] [WARNING] [django.request] [log:249] Not Found: /
[2026-01-17 13:47:57] [WARNING] [django.server] [log:249] "GET / HTTP/1.1" 404 7047
[2026-01-17 13:52:45] [WARNING] [django.request] [log:249] Not Found: /
[2026-01-17 13:52:45] [WARNING] [django.server] [log:249] "GET / HTTP/1.1" 404 7047
[2026-02-18 12:55:10] [WARNING] [django.request] [log:249] Not Found: /
[2026-02-18 12:55:10] [WARNING] [django.server] [log:249] "GET / HTTP/1.1" 404 7047
[2026-02-18 12:55:10] [WARNING] [django.request] [log:249] Not Found: /favicon.ico
[2026-02-18 12:55:10] [WARNING] [django.server] [log:249] "GET /favicon.ico HTTP/1.1" 404 7098
[2026-02-18 12:55:31] [WARNING] [django.request] [log:249] Not Found: /
[2026-02-18 12:55:31] [WARNING] [django.server] [log:249] "GET / HTTP/1.1" 404 7047
[2026-02-18 12:56:03] [WARNING] [django.request] [log:249] Not Found: /categorii/
[2026-02-18 12:56:03] [WARNING] [django.server] [log:249] "GET /categorii/ HTTP/1.1" 404 7095
[2026-02-18 12:56:14] [WARNING] [django.request] [log:249] Not Found: /categorii/1/
[2026-02-18 12:56:14] [WARNING] [django.server] [log:249] "GET /categorii/1/ HTTP/1.1" 404 3236
[2026-02-18 12:57:20] [WARNING] [django.request] [log:249] Not Found: /categorie/
[2026-02-18 12:57:20] [WARNING] [django.server] [log:249] "GET /categorie/ HTTP/1.1" 404 7095
[2026-02-18 12:57:45] [WARNING] [django.request] [log:249] Not Found: /produse/tablete
[2026-02-18 12:57:45] [WARNING] [django.server] [log:249] "GET /produse/tablete HTTP/1.1" 404 7110
[2026-02-18 12:58:34] [WARNING] [django.request] [log:249] Not Found: /
[2026-02-18 12:58:34] [WARNING] [django.server] [log:249] "GET / HTTP/1.1" 404 7047
[2026-02-18 13:01:07] [WARNING] [django.request] [log:249] Not Found: /categorii/
[2026-02-18 13:01:07] [WARNING] [django.server] [log:249] "GET /categorii/ HTTP/1.1" 404 7095
[2026-02-18 13:01:50] [WARNING] [django.request] [log:249] Not Found: /admin/categorie/
[2026-02-18 13:01:50] [WARNING] [django.server] [log:249] "GET /admin/categorie/ HTTP/1.1" 404 7267
[2026-02-18 15:18:00] [WARNING] [django.request] [log:249] Not Found: /
[2026-02-18 15:18:00] [WARNING] [django.server] [log:249] "GET / HTTP/1.1" 404 7047
[2026-02-18 15:18:21] [WARNING] [django.request] [log:249] Not Found: /
[2026-02-18 15:18:21] [WARNING] [django.server] [log:249] "GET / HTTP/1.1" 404 7047
[2026-02-18 15:18:45] [WARNING] [django.request] [log:249] Forbidden: /interzis/
[2026-02-18 15:18:45] [WARNING] [django.server] [log:249] "GET /interzis/ HTTP/1.1" 403 3081
[2026-02-18 15:18:52] [WARNING] [django.request] [log:249] Forbidden: /interzis/
[2026-02-18 15:18:52] [WARNING] [django.server] [log:249] "GET /interzis/ HTTP/1.1" 403 3081
[2026-02-18 15:18:53] [WARNING] [django.request] [log:249] Forbidden: /interzis/
[2026-02-18 15:18:53] [WARNING] [django.server] [log:249] "GET /interzis/ HTTP/1.1" 403 3081
[2026-02-18 15:18:53] [WARNING] [django.request] [log:249] Forbidden: /interzis/
[2026-02-18 15:18:53] [WARNING] [django.server] [log:249] "GET /interzis/ HTTP/1.1" 403 3081
[2026-02-18 15:18:53] [WARNING] [django.request] [log:249] Forbidden: /interzis/
[2026-02-18 15:18:53] [WARNING] [django.server] [log:249] "GET /interzis/ HTTP/1.1" 403 3081
[2026-02-18 15:18:54] [WARNING] [django.request] [log:249] Forbidden: /interzis/
[2026-02-18 15:18:54] [WARNING] [django.server] [log:249] "GET /interzis/ HTTP/1.1" 403 3290
[2026-02-18 15:19:10] [ERROR] [django.request] [log:249] Internal Server Error: /log/
Traceback (most recent call last):
  File "C:\Users\Mihai Sima\AppData\Local\Packages\PythonSoftwareFoundation.Python.3.12_qbz5n2kfra8p0\LocalCache\local-packages\Python312\site-packages\django\core\handlers\exception.py", line 55, in inner
    response = get_response(request)
               ^^^^^^^^^^^^^^^^^^^^^
  File "C:\Users\Mihai Sima\AppData\Local\Packages\PythonSoftwareFoundation.Python.3.12_qbz5n2kfra8p0\LocalCache\local-packages\Python312\site-packages\django\core\handlers\base.py", line 198, in _get_response
    response = wrapped_callback(request, *callback_args, **callback_kwargs)
               ^^^^^^^^^^^^^^^^^^^^^^^^^^^^^^^^^^^^^^^^^^^^^^^^^^^^^^^^^^^^
  File "C:\Users\Mihai Sima\AppData\Local\Packages\PythonSoftwareFoundation.Python.3.12_qbz5n2kfra8p0\LocalCache\local-packages\Python312\site-packages\django\contrib\auth\decorators.py", line 59, in _view_wrapper
    return view_func(request, *args, **kwargs)
           ^^^^^^^^^^^^^^^^^^^^^^^^^^^^^^^^^^^
  File "C:\Users\Mihai Sima\Desktop\proiect_electronice\proiect_electronice\electronice\views.py", line 104, in pagina_log
    lines = f.readlines()[-50:]
            ^^^^^^^^^^^^^
  File "<frozen codecs>", line 322, in decode
UnicodeDecodeError: 'utf-8' codec can't decode byte 0xe5 in position 5498: invalid continuation byte
[2026-02-18 15:19:10] [ERROR] [django.server] [log:249] "GET /log/ HTTP/1.1" 500 101061
[2026-02-18 15:19:23] [WARNING] [django.request] [log:249] Not Found: /
[2026-02-18 15:19:23] [WARNING] [django.server] [log:249] "GET / HTTP/1.1" 404 7047
[2026-02-18 16:27:16] [WARNING] [django.request] [log:249] Not Found: /
[2026-02-18 16:27:16] [WARNING] [django.server] [log:249] "GET / HTTP/1.1" 404 7047
[2026-02-18 17:05:10] [WARNING] [django.request] [log:249] Not Found: /
[2026-02-18 17:05:10] [WARNING] [django.server] [log:249] "GET / HTTP/1.1" 404 7047
